FYP_App_Java/launcher/build/intermediates/manifest_merge_blame_file/debug/manifest-merger-blame-debug-report.txt
1<?xml version="1.0" encoding="utf-8"?>
2<manifest xmlns:android="http://schemas.android.com/apk/res/android"
3    package="com.DefaultCompany.FYP_AR_2"
4    android:installLocation="preferExternal"
5    android:versionCode="1"
6    android:versionName="0.1" >
7
8    <uses-sdk
9        android:minSdkVersion="24"
9-->src/main/AndroidManifest.xml
10        android:targetSdkVersion="33" />
10-->src/main/AndroidManifest.xml
11
12    <supports-screens
12-->src/main/AndroidManifest.xml:4:3-163
13        android:anyDensity="true"
13-->src/main/AndroidManifest.xml:4:135-160
14        android:largeScreens="true"
14-->src/main/AndroidManifest.xml:4:78-105
15        android:normalScreens="true"
15-->src/main/AndroidManifest.xml:4:49-77
16        android:smallScreens="true"
16-->src/main/AndroidManifest.xml:4:21-48
17        android:xlargeScreens="true" />
17-->src/main/AndroidManifest.xml:4:106-134
18
19    <uses-permission android:name="android.permission.CAMERA" />
19-->[:unityLibrary] AndroidManifest.xml:8:5-65
19-->[:unityLibrary] AndroidManifest.xml:8:22-62
20
21    <uses-feature android:glEsVersion="0x00030000" />
21-->[:unityLibrary] AndroidManifest.xml:10:5-54
21-->[:unityLibrary] AndroidManifest.xml:10:19-51
22    <uses-feature
22-->[:unityLibrary] AndroidManifest.xml:11:5-13:36
23        android:name="android.hardware.vulkan.version"
23-->[:unityLibrary] AndroidManifest.xml:12:9-55
24        android:required="false" />
24-->[:unityLibrary] AndroidManifest.xml:13:9-33
25    <uses-feature
25-->[:unityLibrary] AndroidManifest.xml:14:5-16:36
26        android:name="android.hardware.camera"
26-->[:unityLibrary] AndroidManifest.xml:15:9-47
27        android:required="false" />
27-->[:unityLibrary] AndroidManifest.xml:16:9-33
28    <uses-feature
28-->[:unityLibrary] AndroidManifest.xml:17:5-19:36
29        android:name="android.hardware.camera.autofocus"
29-->[:unityLibrary] AndroidManifest.xml:18:9-57
30        android:required="false" />
30-->[:unityLibrary] AndroidManifest.xml:19:9-33
31    <uses-feature
31-->[:unityLibrary] AndroidManifest.xml:20:5-22:36
32        android:name="android.hardware.camera.front"
32-->[:unityLibrary] AndroidManifest.xml:21:9-53
33        android:required="false" />
33-->[:unityLibrary] AndroidManifest.xml:22:9-33
34    <uses-feature
34-->[:unityLibrary] AndroidManifest.xml:23:5-25:36
35        android:name="android.hardware.touchscreen"
35-->[:unityLibrary] AndroidManifest.xml:24:9-52
36        android:required="false" />
36-->[:unityLibrary] AndroidManifest.xml:25:9-33
37    <uses-feature
37-->[:unityLibrary] AndroidManifest.xml:26:5-28:36
38        android:name="android.hardware.touchscreen.multitouch"
38-->[:unityLibrary] AndroidManifest.xml:27:9-63
39        android:required="false" />
39-->[:unityLibrary] AndroidManifest.xml:28:9-33
40    <uses-feature
40-->[:unityLibrary] AndroidManifest.xml:29:5-31:36
41        android:name="android.hardware.touchscreen.multitouch.distinct"
41-->[:unityLibrary] AndroidManifest.xml:30:9-72
42        android:required="false" />
42-->[:unityLibrary] AndroidManifest.xml:31:9-33
43
44    <queries>
44-->[com.google.ar:core:1.42.0] AndroidManifest.xml:20:5-27:15
45        <package android:name="com.google.ar.core" />
45-->[com.google.ar:core:1.42.0] AndroidManifest.xml:21:9-54
45-->[com.google.ar:core:1.42.0] AndroidManifest.xml:21:18-51
46        <package android:name="com.android.vending" />
46-->[com.google.ar:core:1.42.0] AndroidManifest.xml:22:9-55
46-->[com.google.ar:core:1.42.0] AndroidManifest.xml:22:18-52
47
48        <intent>
48-->[com.google.ar:core:1.42.0] AndroidManifest.xml:24:9-26:18
49            <action android:name="com.google.android.play.core.install.BIND_INSTALL_SERVICE" />
49-->[com.google.ar:core:1.42.0] AndroidManifest.xml:25:13-96
49-->[com.google.ar:core:1.42.0] AndroidManifest.xml:25:21-93
50        </intent>
51    </queries>
52
53    <application
53-->src/main/AndroidManifest.xml:3:3-83
54        android:debuggable="true"
55        android:extractNativeLibs="true"
55-->[:unityLibrary] AndroidManifest.xml:33:18-50
56        android:icon="@mipmap/app_icon"
56-->src/main/AndroidManifest.xml:3:49-80
57        android:label="@string/app_name"
57-->src/main/AndroidManifest.xml:3:16-48
58        android:testOnly="true" >
59        <meta-data
59-->[:unityLibrary] AndroidManifest.xml:34:9-36:33
60            android:name="unity.splash-mode"
60-->[:unityLibrary] AndroidManifest.xml:35:13-45
61            android:value="0" />
61-->[:unityLibrary] AndroidManifest.xml:36:13-30
62        <meta-data
62-->[:unityLibrary] AndroidManifest.xml:37:9-39:36
63            android:name="unity.splash-enable"
63-->[:unityLibrary] AndroidManifest.xml:38:13-47
64            android:value="True" />
64-->[:unityLibrary] AndroidManifest.xml:39:13-33
65        <meta-data
65-->[:unityLibrary] AndroidManifest.xml:40:9-42:36
66            android:name="unity.launch-fullscreen"
66-->[:unityLibrary] AndroidManifest.xml:41:13-51
67            android:value="True" />
67-->[:unityLibrary] AndroidManifest.xml:42:13-33
68        <meta-data
68-->[:unityLibrary] AndroidManifest.xml:43:9-45:50
69            android:name="notch.config"
69-->[:unityLibrary] AndroidManifest.xml:44:13-40
70            android:value="portrait|landscape" />
70-->[:unityLibrary] AndroidManifest.xml:45:13-47
71        <meta-data
71-->[:unityLibrary] AndroidManifest.xml:46:9-48:36
72            android:name="unity.auto-report-fully-drawn"
72-->[:unityLibrary] AndroidManifest.xml:47:13-57
73            android:value="true" />
73-->[:unityLibrary] AndroidManifest.xml:48:13-33
74
75        <activity
75-->[:unityLibrary] AndroidManifest.xml:50:9-71:20
76            android:name="com.unity3d.player.UnityPlayerActivity"
76-->[:unityLibrary] AndroidManifest.xml:51:13-66
77            android:configChanges="mcc|mnc|locale|touchscreen|keyboard|keyboardHidden|navigation|orientation|screenLayout|uiMode|screenSize|smallestScreenSize|fontScale|layoutDirection|density"
77-->[:unityLibrary] AndroidManifest.xml:52:13-194
78            android:exported="true"
78-->[:unityLibrary] AndroidManifest.xml:53:13-36
79            android:hardwareAccelerated="false"
79-->[:unityLibrary] AndroidManifest.xml:54:13-48
80            android:launchMode="singleTask"
80-->[:unityLibrary] AndroidManifest.xml:55:13-44
81            android:resizeableActivity="false"
81-->[:unityLibrary] AndroidManifest.xml:56:13-47
82            android:screenOrientation="fullUser"
82-->[:unityLibrary] AndroidManifest.xml:57:13-49
83            android:theme="@style/UnityThemeSelector" >
83-->[:unityLibrary] AndroidManifest.xml:58:13-54
84            <intent-filter>
84-->[:unityLibrary] AndroidManifest.xml:59:13-63:29
85                <category android:name="android.intent.category.LAUNCHER" />
85-->[:unityLibrary] AndroidManifest.xml:60:17-77
85-->[:unityLibrary] AndroidManifest.xml:60:27-74
86
87                <action android:name="android.intent.action.MAIN" />
87-->[:unityLibrary] AndroidManifest.xml:62:17-69
87-->[:unityLibrary] AndroidManifest.xml:62:25-66
88            </intent-filter>
89
90            <meta-data
90-->[:unityLibrary] AndroidManifest.xml:65:13-67:40
91                android:name="unityplayer.UnityActivity"
91-->[:unityLibrary] AndroidManifest.xml:66:17-57
92                android:value="true" />
92-->[:unityLibrary] AndroidManifest.xml:67:17-37
93            <meta-data
93-->[:unityLibrary] AndroidManifest.xml:68:13-70:40
94                android:name="notch_support"
94-->[:unityLibrary] AndroidManifest.xml:69:17-45
95                android:value="true" />
95-->[:unityLibrary] AndroidManifest.xml:70:17-37
96        </activity>
97
98        <meta-data
98-->[:unityLibrary] AndroidManifest.xml:73:9-75:40
99            android:name="com.google.ar.core"
99-->[:unityLibrary] AndroidManifest.xml:74:13-46
100            android:value="optional" /> <!-- The minimal version code of ARCore APK required for an app using this SDK. -->
100-->[:unityLibrary] AndroidManifest.xml:75:13-37
101        <meta-data
101-->[com.google.ar:core:1.42.0] AndroidManifest.xml:32:9-34:41
102            android:name="com.google.ar.core.min_apk_version"
102-->[com.google.ar:core:1.42.0] AndroidManifest.xml:33:13-62
103            android:value="240220000" /> <!-- This activity is critical for installing ARCore when it is not already present. -->
103-->[com.google.ar:core:1.42.0] AndroidManifest.xml:34:13-38
104        <activity
104-->[com.google.ar:core:1.42.0] AndroidManifest.xml:36:9-42:80
105            android:name="com.google.ar.core.InstallActivity"
105-->[com.google.ar:core:1.42.0] AndroidManifest.xml:37:13-62
106            android:configChanges="keyboardHidden|orientation|screenSize"
106-->[com.google.ar:core:1.42.0] AndroidManifest.xml:38:13-74
107            android:excludeFromRecents="true"
107-->[com.google.ar:core:1.42.0] AndroidManifest.xml:39:13-46
108            android:exported="false"
108-->[com.google.ar:core:1.42.0] AndroidManifest.xml:40:13-37
109            android:launchMode="singleTop"
109-->[com.google.ar:core:1.42.0] AndroidManifest.xml:41:13-43
110            android:theme="@android:style/Theme.Material.Light.Dialog.Alert" />
110-->[com.google.ar:core:1.42.0] AndroidManifest.xml:42:13-77
111    </application>
112
113</manifest>